<?xml version="1.0" encoding="UTF-8"?>
<testng-results skipped="0" failed="0" ignored="0" total="1" passed="1">
  <reporter-output>
  </reporter-output>
  <suite name="Default suite" duration-ms="2929" started-at="2019-11-12T21:26:13Z" finished-at="2019-11-12T21:26:16Z">
    <groups>
    </groups>
    <test name="Default test" duration-ms="2929" started-at="2019-11-12T21:26:13Z" finished-at="2019-11-12T21:26:16Z">
      <class name="com.rzeb.springboot.crud.PostRequestTest">
        <test-method status="PASS" signature="postContact()[pri:0, instance:com.rzeb.springboot.crud.PostRequestTest@543788f3]" name="postContact" duration-ms="2873" started-at="2019-11-12T21:26:13Z" finished-at="2019-11-12T21:26:16Z">
          <reporter-output>
          </reporter-output>
        </test-method> <!-- postContact -->
      </class> <!-- com.rzeb.springboot.crud.PostRequestTest -->
    </test> <!-- Default test -->
  </suite> <!-- Default suite -->
</testng-results>
